生成启动时间为 2018/3/30 21:11:10。
     1>项目“E:\referPrman\abcObj\referPrman\referPrman\referPrman.vcxproj”在节点 2 上(Build 个目标)。
     1>ClCompile:
         C:\Program Files (x86)\Microsoft Visual Studio 11.0\VC\bin\x86_amd64\CL.exe /c /IG:\mayaInstall\boost_1_44_0 /IG:\mayaInstall\naya2016yuan\Maya2016\Maya2016\devkit\Alembic\include\AlembicPrivate\ilmbase /IG:\mayaInstall\naya2016yuan\Maya2016\Maya2016\devkit\Alembic\include /Zi /nologo /W3 /WX- /O2 /Oi /GL /D WIN32 /D NDEBUG /D _CONSOLE /D _UNICODE /D UNICODE /Gm- /EHsc /MD /GS /Gy /fp:precise /Zc:wchar_t /Zc:forScope /Fo"x64\Release\\" /Fd"x64\Release\vc110.pdb" /Gd /TP /errorReport:prompt ProcMain.cpp SampleUtil.cpp animateProcess.cpp global.cpp traverse.cpp
         ProcMain.cpp
     1>ProcMain.cpp(56): warning C4101: “e”: 未引用的局部变量
         SampleUtil.cpp
     1>SampleUtil.cpp(18): warning C4244: “初始化”: 从“const double”转换到“float”，可能丢失数据
         animateProcess.cpp
         global.cpp
         traverse.cpp
     1>traverse.cpp(104): warning C4244: “初始化”: 从“double”转换到“float”，可能丢失数据
     1>traverse.cpp(115): warning C4244: “初始化”: 从“double”转换到“float”，可能丢失数据
     1>traverse.cpp(126): warning C4244: “初始化”: 从“double”转换到“float”，可能丢失数据
       Link:
         C:\Program Files (x86)\Microsoft Visual Studio 11.0\VC\bin\x86_amd64\link.exe /ERRORREPORT:PROMPT /OUT:"E:\referPrman\abcObj\referPrman\x64\Release\referPrman.exe" /INCREMENTAL:NO /NOLOGO /LIBPATH:G:\mayaInstall\naya2016yuan\Maya2016\Maya2016\lib /LIBPATH:G:\mayaInstall\naya2016yuan\Maya2016\Maya2016\devkit\Alembic\lib AlembicAbcCoreFactory.lib AlembicAbcCoreHDF5.lib AlembicAbcCoreOgawa.lib AlembicAbcGeom.lib AlembicAbc.lib AlembicAbcCoreAbstract.lib AlembicAbcMaterial.lib AlembicAbcCollection.lib AlembicOgawa.lib AlembicUtil.lib hdf5_hl.lib hdf5.lib AlembicIex.lib AlembicHalf.lib AlembicImath.lib libzlib.lib kernel32.lib user32.lib gdi32.lib winspool.lib comdlg32.lib advapi32.lib shell32.lib ole32.lib oleaut32.lib uuid.lib odbc32.lib odbccp32.lib /MANIFEST /MANIFESTUAC:"level='asInvoker' uiAccess='false'" /manifest:embed /DEBUG /PDB:"E:\referPrman\abcObj\referPrman\x64\Release\referPrman.pdb" /SUBSYSTEM:CONSOLE /OPT:REF /OPT:ICF /LTCG /TLBID:1 /DYNAMICBASE /NXCOMPAT /IMPLIB:"E:\referPrman\abcObj\referPrman\x64\Release\referPrman.lib" /MACHINE:X64 x64\Release\animateProcess.obj
         x64\Release\global.obj
         x64\Release\ProcMain.obj
         x64\Release\SampleUtil.obj
         x64\Release\traverse.obj
         正在生成代码
         已完成代码的生成
         referPrman.vcxproj -> E:\referPrman\abcObj\referPrman\x64\Release\referPrman.exe
     1>已完成生成项目“E:\referPrman\abcObj\referPrman\referPrman\referPrman.vcxproj”(Build 个目标)的操作。

生成成功。

已用时间 00:00:10.80
