E:\REFERPRMAN\ABCOBJ\REFERPRMAN\REFERPRMAN\X64\RELEASE\TRAVERSE.OBJ
E:\REFERPRMAN\ABCOBJ\REFERPRMAN\REFERPRMAN\X64\RELEASE\SAMPLEUTIL.OBJ
E:\REFERPRMAN\ABCOBJ\REFERPRMAN\REFERPRMAN\X64\RELEASE\PROCMAIN.OBJ
E:\REFERPRMAN\ABCOBJ\REFERPRMAN\REFERPRMAN\X64\RELEASE\ANIMATEPROCESS.OBJ
E:\REFERPRMAN\ABCOBJ\REFERPRMAN\REFERPRMAN\X64\RELEASE\VC110.PDB
E:\REFERPRMAN\ABCOBJ\REFERPRMAN\X64\RELEASE\REFERPRMAN.EXE
E:\REFERPRMAN\ABCOBJ\REFERPRMAN\X64\RELEASE\REFERPRMAN.PDB
E:\referPrman\abcObj\referPrman\referPrman\x64\Release\animateProcess.obj
E:\referPrman\abcObj\referPrman\referPrman\x64\Release\ProcMain.obj
E:\referPrman\abcObj\referPrman\referPrman\x64\Release\SampleUtil.obj
E:\referPrman\abcObj\referPrman\referPrman\x64\Release\traverse.obj
E:\referPrman\abcObj\referPrman\referPrman\x64\Release\cl.command.1.tlog
E:\referPrman\abcObj\referPrman\referPrman\x64\Release\cl.read.1.tlog
E:\referPrman\abcObj\referPrman\referPrman\x64\Release\cl.write.1.tlog
E:\referPrman\abcObj\referPrman\referPrman\x64\Release\link-cvtres.read.1.tlog
E:\referPrman\abcObj\referPrman\referPrman\x64\Release\link-cvtres.write.1.tlog
E:\referPrman\abcObj\referPrman\referPrman\x64\Release\link-rc.read.1.tlog
E:\referPrman\abcObj\referPrman\referPrman\x64\Release\link-rc.write.1.tlog
E:\referPrman\abcObj\referPrman\referPrman\x64\Release\link.command.1.tlog
E:\referPrman\abcObj\referPrman\referPrman\x64\Release\link.read.1.tlog
E:\referPrman\abcObj\referPrman\referPrman\x64\Release\link.write.1.tlog
E:\referPrman\abcObj\referPrman\referPrman\x64\Release\vc110.pdb
E:\referPrman\abcObj\referPrman\x64\Release\referPrman.pdb
E:\referPrman\abcObj\referPrman\x64\Release\referPrman.exe
